<?xml version="1.0" encoding="UTF-8"?>
<!-- Generated by org.testng.reporters.JUnitReportReporter -->
<testsuite hostname="jokin" name="testcase.CaseLoginTest" tests="2" failures="0" timestamp="17 May 2018 11:18:44 GMT" time="8.409" errors="0">
  <testcase name="loginTest" time="8.403" classname="testcase.CaseLoginTest"/>
  <testcase name="signOutTest" time="0.006" classname="testcase.CaseLoginTest"/>
</testsuite> <!-- testcase.CaseLoginTest -->
