<?xml version="1.0" encoding="UTF-8"?>
<!-- Generated by org.testng.reporters.JUnitReportReporter -->
<testsuite hostname="jokin" name="testcase.CaseLoginTest" tests="2" failures="0" timestamp="10 May 2018 09:06:30 GMT" time="7.457" errors="0">
  <testcase name="loginTest" time="7.454" classname="testcase.CaseLoginTest"/>
  <testcase name="signOutTest" time="0.003" classname="testcase.CaseLoginTest"/>
</testsuite> <!-- testcase.CaseLoginTest -->
