<?xml version="1.0" encoding="UTF-8"?>
<!-- Generated by org.testng.reporters.JUnitReportReporter -->
<testsuite hostname="jokin" name="testcase.CaseCompanyInfoTest" tests="1" failures="0" timestamp="11 May 2018 12:58:20 GMT" time="10.006" errors="0">
  <testcase name="f" time="10.006" classname="testcase.CaseCompanyInfoTest"/>
</testsuite> <!-- testcase.CaseCompanyInfoTest -->
