<?xml version="1.0" encoding="UTF-8"?>
<!-- Generated by org.testng.reporters.JUnitReportReporter -->
<testsuite hostname="jokin" name="testcase.LongguoLoginTest" tests="1" failures="0" timestamp="8 May 2018 05:00:29 GMT" time="5.896" errors="0">
  <testcase name="TestDome" time="5.896" classname="testcase.LongguoLoginTest"/>
</testsuite> <!-- testcase.LongguoLoginTest -->
