<?xml version="1.0" encoding="UTF-8"?>
<!-- Generated by org.testng.reporters.JUnitReportReporter -->
<testsuite hostname="jokin" name="testcase.CaseCompanyInfoTest" tests="1" failures="0" timestamp="8 May 2018 05:00:29 GMT" time="0.006" errors="0">
  <testcase name="f" time="0.006" classname="testcase.CaseCompanyInfoTest"/>
</testsuite> <!-- testcase.CaseCompanyInfoTest -->
