<?xml version="1.0" encoding="UTF-8"?>
<!-- Generated by org.testng.reporters.JUnitReportReporter -->
<testsuite hostname="jokin" name="testcase.CaseLoginTest" tests="1" failures="0" timestamp="8 May 2018 05:15:30 GMT" time="6.898" errors="0">
  <testcase name="loginTest" time="6.898" classname="testcase.CaseLoginTest"/>
</testsuite> <!-- testcase.CaseLoginTest -->
