<?xml version="1.0" encoding="UTF-8"?>
<!-- Generated by org.testng.reporters.JUnitReportReporter -->
<testsuite hostname="jokin" name="testcase.longguoLoginTest" tests="1" failures="0" timestamp="5 May 2018 11:51:50 GMT" time="5.226" errors="0">
  <testcase name="TestDome" time="5.226" classname="testcase.longguoLoginTest"/>
</testsuite> <!-- testcase.longguoLoginTest -->
