<?xml version="1.0" encoding="UTF-8"?>
<!-- Generated by org.testng.reporters.JUnitReportReporter -->
<testsuite hostname="jokin" name="testcase.CaseChoicePermissionTest" tests="1" failures="0" timestamp="11 May 2018 12:58:20 GMT" time="22.917" errors="0">
  <testcase name="choicePermissionTest" time="22.917" classname="testcase.CaseChoicePermissionTest"/>
</testsuite> <!-- testcase.CaseChoicePermissionTest -->
