<?xml version="1.0" encoding="UTF-8"?>
<!-- Generated by org.testng.reporters.JUnitReportReporter -->
<testsuite hostname="jokin" name="testcase.CaseLoginTest" tests="2" failures="0" timestamp="13 May 2018 10:33:43 GMT" time="12.599" errors="0">
  <testcase name="loginTest" time="12.597" classname="testcase.CaseLoginTest"/>
  <testcase name="signOutTest" time="0.002" classname="testcase.CaseLoginTest"/>
</testsuite> <!-- testcase.CaseLoginTest -->
