<?xml version="1.0" encoding="UTF-8"?>
<!-- Generated by org.testng.reporters.JUnitReportReporter -->
<testsuite hostname="jokin" name="testcase.CaseChoicePermissionTest" tests="1" failures="0" timestamp="17 May 2018 12:00:08 GMT" time="16.005" errors="0">
  <testcase name="choicePermissionTest" time="16.005" classname="testcase.CaseChoicePermissionTest"/>
</testsuite> <!-- testcase.CaseChoicePermissionTest -->
