<?xml version="1.0" encoding="UTF-8"?>
<!-- Generated by org.testng.reporters.JUnitReportReporter -->
<testsuite hostname="jokin" name="testcase.CaseLoginTest" tests="2" failures="0" timestamp="17 May 2018 12:00:08 GMT" time="8.415" errors="0">
  <testcase name="loginTest" time="8.412" classname="testcase.CaseLoginTest"/>
  <testcase name="signOutTest" time="0.003" classname="testcase.CaseLoginTest"/>
</testsuite> <!-- testcase.CaseLoginTest -->
