<?xml version="1.0" encoding="UTF-8"?>
<!-- Generated by org.testng.reporters.JUnitReportReporter -->
<testsuite hostname="jokin" name="testcase.LongguoLoginTest" tests="1" failures="0" timestamp="17 May 2018 12:00:08 GMT" time="5.875" errors="0">
  <testcase name="TestDome" time="5.875" classname="testcase.LongguoLoginTest"/>
</testsuite> <!-- testcase.LongguoLoginTest -->
