<?xml version="1.0" encoding="UTF-8"?>
<!-- Generated by org.testng.reporters.JUnitReportReporter -->
<testsuite hostname="jokin" name="testcase.CaseLoginTest" tests="2" failures="0" timestamp="30 May 2018 06:38:45 GMT" time="8.490" errors="0">
  <testcase name="signOutTest" time="0.002" classname="testcase.CaseLoginTest"/>
  <testcase name="loginTest" time="8.488" classname="testcase.CaseLoginTest"/>
</testsuite> <!-- testcase.CaseLoginTest -->
