<?xml version="1.0" encoding="UTF-8"?>
<!-- Generated by org.testng.reporters.JUnitReportReporter -->
<testsuite hostname="jokin" name="testcase.CaseChoicePermissionTest" tests="1" failures="0" timestamp="30 May 2018 06:38:45 GMT" time="16.268" errors="0">
  <testcase name="choicePermissionTest" time="16.268" classname="testcase.CaseChoicePermissionTest"/>
</testsuite> <!-- testcase.CaseChoicePermissionTest -->
