<?xml version="1.0" encoding="UTF-8"?>
<!-- Generated by org.testng.reporters.JUnitReportReporter -->
<testsuite hostname="jokin" name="testcase.CaseLoginTest" tests="2" failures="0" timestamp="11 May 2018 12:58:20 GMT" time="15.607" errors="0">
  <testcase name="signOutTest" time="0.001" classname="testcase.CaseLoginTest"/>
  <testcase name="loginTest" time="15.606" classname="testcase.CaseLoginTest"/>
</testsuite> <!-- testcase.CaseLoginTest -->
