<?xml version="1.0" encoding="UTF-8"?>
<!-- Generated by org.testng.reporters.JUnitReportReporter -->
<testsuite hostname="jokin" name="testcase.LongguoLoginTest" tests="1" failures="0" timestamp="11 May 2018 12:58:20 GMT" time="8.433" errors="0">
  <testcase name="TestDome" time="8.433" classname="testcase.LongguoLoginTest"/>
</testsuite> <!-- testcase.LongguoLoginTest -->
