<?xml version="1.0" encoding="UTF-8"?>
<!-- Generated by org.testng.reporters.JUnitReportReporter -->
<testsuite hostname="jokin" name="testcase.LongguoLoginTest" tests="1" failures="0" timestamp="30 May 2018 06:38:45 GMT" time="5.887" errors="0">
  <testcase name="TestDome" time="5.887" classname="testcase.LongguoLoginTest"/>
</testsuite> <!-- testcase.LongguoLoginTest -->
